<?xml version="1.0" encoding="UTF-8"?>
<!-- Generated by org.testng.reporters.JUnitReportReporter -->
<testsuite skipped="0" hostname="Valentino-PC" name="TestSet.Test1" tests="1" failures="0" timestamp="10 feb 2019 03:37:48 GMT" time="2.983" errors="0">
  <testcase name="Reporte" time="2.983" classname="TestSet.Test1"/>
</testsuite> <!-- TestSet.Test1 -->
