<?xml version="1.0" encoding="UTF-8"?>
<!-- Generated by org.testng.reporters.JUnitReportReporter -->
<testsuite skipped="2" hostname="nbcorar69" name="Pruebas.Test1" tests="4" failures="0" timestamp="07 feb 2019 20:40:22 GMT" time="0.022" errors="0">
  <testcase name="Prueba2" time="0.016" classname="Pruebas.Test1"/>
  <testcase name="Prueba4" time="0.006" classname="Pruebas.Test1"/>
  <testcase name="Prueba1" classname="Pruebas.Test1">
    <skipped/>
  </testcase> <!-- Prueba1 -->
  <testcase name="Prueba3" classname="Pruebas.Test1">
    <skipped/>
  </testcase> <!-- Prueba3 -->
</testsuite> <!-- Pruebas.Test1 -->
