<?xml version="1.0" encoding="UTF-8"?>
<!-- Generated by org.testng.reporters.JUnitReportReporter -->
<testsuite skipped="0" hostname="nbcorar69" name="Pruebas.Test1" tests="2" failures="0" timestamp="06 feb 2019 18:15:21 GMT" time="71.586" errors="0">
  <testcase name="PruebaDos" time="57.286" classname="Pruebas.Test1"/>
  <testcase name="LoginIncorrecto" time="14.300" classname="Pruebas.Test1"/>
</testsuite> <!-- Pruebas.Test1 -->
