<?xml version="1.0" encoding="UTF-8"?>
<!-- Generated by org.testng.reporters.JUnitReportReporter -->
<testsuite skipped="0" hostname="Valentino-PC" name="Pruebas.Test1" tests="3" failures="0" timestamp="31 ene 2019 01:47:26 GMT" time="89.997" errors="0">
  <testcase name="PruebaDos" time="21.945" classname="Pruebas.Test1"/>
  <testcase name="PruebaTres" time="49.202" classname="Pruebas.Test1"/>
  <testcase name="PruebaUno" time="18.850" classname="Pruebas.Test1"/>
</testsuite> <!-- Pruebas.Test1 -->
