<?xml version="1.0" encoding="UTF-8"?>
<!-- Generated by org.testng.reporters.JUnitReportReporter -->
<testsuite skipped="0" hostname="nbcorar69" name="TestSet.Test1" tests="1" failures="0" timestamp="08 feb 2019 13:21:02 GMT" time="42.974" errors="0">
  <testcase name="login" time="42.974" classname="TestSet.Test1"/>
</testsuite> <!-- TestSet.Test1 -->
