<?xml version="1.0" encoding="UTF-8"?>
<!-- Generated by org.testng.reporters.JUnitReportReporter -->
<testsuite skipped="0" hostname="Valentino-PC" name="TestSet.Test3" tests="1" failures="0" timestamp="10 feb 2019 13:53:51 GMT" time="0.001" errors="0">
  <testcase name="Reporte" time="0.001" classname="TestSet.Test3"/>
</testsuite> <!-- TestSet.Test3 -->
